 ⨯ Error: Cannot find module './994.js'
Require stack:
- D:\IGNITE\Documents\Trabajo\LG\projects\Crawl-Site\.next\server\webpack-api-runtime.js
- D:\IGNITE\Documents\Trabajo\LG\projects\Crawl-Site\.next\server\pages\api\auth\[[...slug]].js
- D:\IGNITE\Documents\Trabajo\LG\projects\Crawl-Site\node_modules\next\dist\server\future\helpers\module-loader\node-module-loader.js
- D:\IGNITE\Documents\Trabajo\LG\projects\Crawl-Site\node_modules\next\dist\server\future\helpers\module-loader\route-module-loader.js
- D:\IGNITE\Documents\Trabajo\LG\projects\Crawl-Site\node_modules\next\dist\server\next-server.js
- D:\IGNITE\Documents\Trabajo\LG\projects\Crawl-Site\node_modules\next\dist\server\next.js
- D:\IGNITE\Documents\Trabajo\LG\projects\Crawl-Site\node_modules\next\dist\server\lib\start-server.js
- D:\IGNITE\Documents\Trabajo\LG\projects\Crawl-Site\node_modules\next\dist\cli\next-start.js
    at Module.<anonymous> (node:internal/modules/cjs/loader:1456:15)
    at D:\IGNITE\Documents\Trabajo\LG\projects\Crawl-Site\node_modules\next\dist\server\require-hook.js:55:36
    at defaultResolveImpl (node:internal/modules/cjs/loader:1066:19)
    at resolveForCJSWithHooks (node:internal/modules/cjs/loader:1071:22)
    at Module._load (node:internal/modules/cjs/loader:1242:25)
    at wrapModuleLoad (node:internal/modules/cjs/loader:255:19)
    at Module.<anonymous> (node:internal/modules/cjs/loader:1556:12)
    at mod.require (D:\IGNITE\Documents\Trabajo\LG\projects\Crawl-Site\node_modules\next\dist\server\require-hook.js:65:28)
    at require (node:internal/modules/helpers:152:16)
    at __webpack_require__.f.require (D:\IGNITE\Documents\Trabajo\LG\projects\Crawl-Site\.next\server\webpack-api-runtime.js:166:28) {
  code: 'MODULE_NOT_FOUND',
  requireStack: [
    'D:\\IGNITE\\Documents\\Trabajo\\LG\\projects\\Crawl-Site\\.next\\server\\webpack-api-runtime.js',
    'D:\\IGNITE\\Documents\\Trabajo\\LG\\projects\\Crawl-Site\\.next\\server\\pages\\api\\auth\\[[...slug]].js',
    'D:\\IGNITE\\Documents\\Trabajo\\LG\\projects\\Crawl-Site\\node_modules\\next\\dist\\server\\future\\helpers\\module-loader\\node-module-loader.js',
    'D:\\IGNITE\\Documents\\Trabajo\\LG\\projects\\Crawl-Site\\node_modules\\next\\dist\\server\\future\\helpers\\module-loader\\route-module-loader.js',
    'D:\\IGNITE\\Documents\\Trabajo\\LG\\projects\\Crawl-Site\\node_modules\\next\\dist\\server\\next-server.js',
    'D:\\IGNITE\\Documents\\Trabajo\\LG\\projects\\Crawl-Site\\node_modules\\next\\dist\\server\\next.js',
    'D:\\IGNITE\\Documents\\Trabajo\\LG\\projects\\Crawl-Site\\node_modules\\next\\dist\\server\\lib\\start-server.js',
    'D:\\IGNITE\\Documents\\Trabajo\\LG\\projects\\Crawl-Site\\node_modules\\next\\dist\\cli\\next-start.js'
  ]
}
 ⨯ Error: Cannot find module './682.js'
Require stack:
- D:\IGNITE\Documents\Trabajo\LG\projects\Crawl-Site\.next\server\webpack-runtime.js
- D:\IGNITE\Documents\Trabajo\LG\projects\Crawl-Site\.next\server\pages\_document.js
- D:\IGNITE\Documents\Trabajo\LG\projects\Crawl-Site\node_modules\next\dist\server\require.js
- D:\IGNITE\Documents\Trabajo\LG\projects\Crawl-Site\node_modules\next\dist\server\next-server.js
- D:\IGNITE\Documents\Trabajo\LG\projects\Crawl-Site\node_modules\next\dist\server\next.js
- D:\IGNITE\Documents\Trabajo\LG\projects\Crawl-Site\node_modules\next\dist\server\lib\start-server.js
- D:\IGNITE\Documents\Trabajo\LG\projects\Crawl-Site\node_modules\next\dist\cli\next-start.js
    at Module.<anonymous> (node:internal/modules/cjs/loader:1456:15)
    at D:\IGNITE\Documents\Trabajo\LG\projects\Crawl-Site\node_modules\next\dist\server\require-hook.js:55:36
    at defaultResolveImpl (node:internal/modules/cjs/loader:1066:19)
    at resolveForCJSWithHooks (node:internal/modules/cjs/loader:1071:22)
    at Module._load (node:internal/modules/cjs/loader:1242:25)
    at wrapModuleLoad (node:internal/modules/cjs/loader:255:19)
    at Module.<anonymous> (node:internal/modules/cjs/loader:1556:12)
    at mod.require (D:\IGNITE\Documents\Trabajo\LG\projects\Crawl-Site\node_modules\next\dist\server\require-hook.js:65:28)
    at require (node:internal/modules/helpers:152:16)
    at __webpack_require__.f.require (D:\IGNITE\Documents\Trabajo\LG\projects\Crawl-Site\.next\server\webpack-runtime.js:151:28) {
  code: 'MODULE_NOT_FOUND',
  requireStack: [
    'D:\\IGNITE\\Documents\\Trabajo\\LG\\projects\\Crawl-Site\\.next\\server\\webpack-runtime.js',
    'D:\\IGNITE\\Documents\\Trabajo\\LG\\projects\\Crawl-Site\\.next\\server\\pages\\_document.js',
    'D:\\IGNITE\\Documents\\Trabajo\\LG\\projects\\Crawl-Site\\node_modules\\next\\dist\\server\\require.js',
    'D:\\IGNITE\\Documents\\Trabajo\\LG\\projects\\Crawl-Site\\node_modules\\next\\dist\\server\\next-server.js',
    'D:\\IGNITE\\Documents\\Trabajo\\LG\\projects\\Crawl-Site\\node_modules\\next\\dist\\server\\next.js',
    'D:\\IGNITE\\Documents\\Trabajo\\LG\\projects\\Crawl-Site\\node_modules\\next\\dist\\server\\lib\\start-server.js',
    'D:\\IGNITE\\Documents\\Trabajo\\LG\\projects\\Crawl-Site\\node_modules\\next\\dist\\cli\\next-start.js'
  ]
}
 ⨯ Error: Cannot find module './994.js'
Require stack:
- D:\IGNITE\Documents\Trabajo\LG\projects\Crawl-Site\.next\server\webpack-api-runtime.js
- D:\IGNITE\Documents\Trabajo\LG\projects\Crawl-Site\.next\server\pages\api\auth\[[...slug]].js
- D:\IGNITE\Documents\Trabajo\LG\projects\Crawl-Site\node_modules\next\dist\server\future\helpers\module-loader\node-module-loader.js
- D:\IGNITE\Documents\Trabajo\LG\projects\Crawl-Site\node_modules\next\dist\server\future\helpers\module-loader\route-module-loader.js
- D:\IGNITE\Documents\Trabajo\LG\projects\Crawl-Site\node_modules\next\dist\server\next-server.js
- D:\IGNITE\Documents\Trabajo\LG\projects\Crawl-Site\node_modules\next\dist\server\next.js
- D:\IGNITE\Documents\Trabajo\LG\projects\Crawl-Site\node_modules\next\dist\server\lib\start-server.js
- D:\IGNITE\Documents\Trabajo\LG\projects\Crawl-Site\node_modules\next\dist\cli\next-start.js
    at Module.<anonymous> (node:internal/modules/cjs/loader:1456:15)
    at D:\IGNITE\Documents\Trabajo\LG\projects\Crawl-Site\node_modules\next\dist\server\require-hook.js:55:36
    at defaultResolveImpl (node:internal/modules/cjs/loader:1066:19)
    at resolveForCJSWithHooks (node:internal/modules/cjs/loader:1071:22)
    at Module._load (node:internal/modules/cjs/loader:1242:25)
    at wrapModuleLoad (node:internal/modules/cjs/loader:255:19)
    at Module.<anonymous> (node:internal/modules/cjs/loader:1556:12)
    at mod.require (D:\IGNITE\Documents\Trabajo\LG\projects\Crawl-Site\node_modules\next\dist\server\require-hook.js:65:28)
    at require (node:internal/modules/helpers:152:16)
    at __webpack_require__.f.require (D:\IGNITE\Documents\Trabajo\LG\projects\Crawl-Site\.next\server\webpack-api-runtime.js:166:28) {
  code: 'MODULE_NOT_FOUND',
  requireStack: [
    'D:\\IGNITE\\Documents\\Trabajo\\LG\\projects\\Crawl-Site\\.next\\server\\webpack-api-runtime.js',
    'D:\\IGNITE\\Documents\\Trabajo\\LG\\projects\\Crawl-Site\\.next\\server\\pages\\api\\auth\\[[...slug]].js',
    'D:\\IGNITE\\Documents\\Trabajo\\LG\\projects\\Crawl-Site\\node_modules\\next\\dist\\server\\future\\helpers\\module-loader\\node-module-loader.js',
    'D:\\IGNITE\\Documents\\Trabajo\\LG\\projects\\Crawl-Site\\node_modules\\next\\dist\\server\\future\\helpers\\module-loader\\route-module-loader.js',
    'D:\\IGNITE\\Documents\\Trabajo\\LG\\projects\\Crawl-Site\\node_modules\\next\\dist\\server\\next-server.js',
    'D:\\IGNITE\\Documents\\Trabajo\\LG\\projects\\Crawl-Site\\node_modules\\next\\dist\\server\\next.js',
    'D:\\IGNITE\\Documents\\Trabajo\\LG\\projects\\Crawl-Site\\node_modules\\next\\dist\\server\\lib\\start-server.js',
    'D:\\IGNITE\\Documents\\Trabajo\\LG\\projects\\Crawl-Site\\node_modules\\next\\dist\\cli\\next-start.js'
  ]
}
 ⨯ Error: Cannot find module './682.js'
Require stack:
- D:\IGNITE\Documents\Trabajo\LG\projects\Crawl-Site\.next\server\webpack-runtime.js
- D:\IGNITE\Documents\Trabajo\LG\projects\Crawl-Site\.next\server\pages\_document.js
- D:\IGNITE\Documents\Trabajo\LG\projects\Crawl-Site\node_modules\next\dist\server\require.js
- D:\IGNITE\Documents\Trabajo\LG\projects\Crawl-Site\node_modules\next\dist\server\next-server.js
- D:\IGNITE\Documents\Trabajo\LG\projects\Crawl-Site\node_modules\next\dist\server\next.js
- D:\IGNITE\Documents\Trabajo\LG\projects\Crawl-Site\node_modules\next\dist\server\lib\start-server.js
- D:\IGNITE\Documents\Trabajo\LG\projects\Crawl-Site\node_modules\next\dist\cli\next-start.js
    at Module.<anonymous> (node:internal/modules/cjs/loader:1456:15)
    at D:\IGNITE\Documents\Trabajo\LG\projects\Crawl-Site\node_modules\next\dist\server\require-hook.js:55:36
    at defaultResolveImpl (node:internal/modules/cjs/loader:1066:19)
    at resolveForCJSWithHooks (node:internal/modules/cjs/loader:1071:22)
    at Module._load (node:internal/modules/cjs/loader:1242:25)
    at wrapModuleLoad (node:internal/modules/cjs/loader:255:19)
    at Module.<anonymous> (node:internal/modules/cjs/loader:1556:12)
    at mod.require (D:\IGNITE\Documents\Trabajo\LG\projects\Crawl-Site\node_modules\next\dist\server\require-hook.js:65:28)
    at require (node:internal/modules/helpers:152:16)
    at __webpack_require__.f.require (D:\IGNITE\Documents\Trabajo\LG\projects\Crawl-Site\.next\server\webpack-runtime.js:151:28) {
  code: 'MODULE_NOT_FOUND',
  requireStack: [
    'D:\\IGNITE\\Documents\\Trabajo\\LG\\projects\\Crawl-Site\\.next\\server\\webpack-runtime.js',
    'D:\\IGNITE\\Documents\\Trabajo\\LG\\projects\\Crawl-Site\\.next\\server\\pages\\_document.js',
    'D:\\IGNITE\\Documents\\Trabajo\\LG\\projects\\Crawl-Site\\node_modules\\next\\dist\\server\\require.js',
    'D:\\IGNITE\\Documents\\Trabajo\\LG\\projects\\Crawl-Site\\node_modules\\next\\dist\\server\\next-server.js',
    'D:\\IGNITE\\Documents\\Trabajo\\LG\\projects\\Crawl-Site\\node_modules\\next\\dist\\server\\next.js',
    'D:\\IGNITE\\Documents\\Trabajo\\LG\\projects\\Crawl-Site\\node_modules\\next\\dist\\server\\lib\\start-server.js',
    'D:\\IGNITE\\Documents\\Trabajo\\LG\\projects\\Crawl-Site\\node_modules\\next\\dist\\cli\\next-start.js'
  ]
}
^C